2024-08-12 14:51:18,951 - coverFox -INFO - opening Browser
2024-08-12 14:51:20,197 - coverFox -INFO - clicking on Gender Button
2024-08-12 14:51:21,359 - coverFox -INFO - clicking on next button
2024-08-12 15:05:54,842 - coverFox -INFO - opening Browser
2024-08-12 15:05:56,385 - coverFox -INFO - clicking on Gender Button
2024-08-12 15:05:58,453 - coverFox -INFO - clicking on next Button
2024-08-12 15:06:00,610 - coverFox -WARN - age should be between 18 to 90
2024-08-12 15:06:00,611 - coverFox -INFO - age is selected
2024-08-12 15:06:00,655 - coverFox -INFO - clicking on next Button
2024-08-12 15:06:02,780 - coverFox -WARN - enter valid pincode
2024-08-12 15:06:02,780 - coverFox -INFO - entering pincode
2024-08-12 15:06:02,860 - coverFox -WARN - enter valid mobile number
2024-08-12 15:06:02,860 - coverFox -INFO - entering mobileno
2024-08-12 15:06:02,926 - coverFox -INFO - click on next button
2024-08-12 15:06:09,020 - coverFox -INFO - validating presence of sort plan
2024-08-12 15:06:13,065 - coverFox -INFO - validating banners
2024-08-12 15:06:13,235 - coverFox -INFO - closing browser
2024-08-12 15:10:25,078 - coverFox -INFO - opening Browser
2024-08-12 15:10:26,547 - coverFox -INFO - clicking on Gender Button
2024-08-12 15:10:28,635 - coverFox -INFO - clicking on next Button
2024-08-12 15:10:30,779 - coverFox -WARN - age should be between 18 to 90
2024-08-12 15:10:30,779 - coverFox -INFO - age is selected
2024-08-12 15:10:30,823 - coverFox -INFO - clicking on next Button
2024-08-12 15:10:32,918 - coverFox -WARN - enter valid pincode
2024-08-12 15:10:32,919 - coverFox -INFO - entering pincode
2024-08-12 15:10:33,006 - coverFox -WARN - enter valid mobile number
2024-08-12 15:10:33,006 - coverFox -INFO - entering mobileno
2024-08-12 15:10:33,068 - coverFox -INFO - click on next button
2024-08-12 15:10:43,315 - coverFox -INFO - validating banners
2024-08-12 15:10:43,429 - coverFox -INFO - closing browser
